warning: Git tree '/home/runner/work/vpinball-flake/vpinball-flake' is dirty
copying path '/nix/store/zkrz054gvl1dcxkw25d8lgx8l10px665-source' from 'https://cache.nixos.org'...
copying path '/nix/store/s0xj50a5awma0jwgsqws61014nxzxy19-gnu-config-2024-01-01' from 'https://cache.nixos.org'...
copying path '/nix/store/r7vdyf8pwlqsgd5ydak9fmq3q1i5nm3m-xgcc-15.2.0-libgcc' from 'https://cache.nixos.org'...
copying path '/nix/store/97rn2wpm09db8278qzjvbss9ybxhfsxf-gcc-15.2.0-libgcc' from 'https://cache.nixos.org'...
copying path '/nix/store/1xakvg5jqmaiawwk0n1sbhvsvrdya512-libunistring-1.4.1' from 'https://cache.nixos.org'...
copying path '/nix/store/25h01lplynxf9s0yh75brdhxzcjv4kzp-linux-headers-6.18.7' from 'https://cache.nixos.org'...
copying path '/nix/store/gz3rknshr1ywis4mjaqrgj3z2shp3n3v-update-autotools-gnu-config-scripts-hook' from 'https://cache.nixos.org'...
copying path '/nix/store/ylvn8sswwfdp6l71hmz9ic8m4w9996j5-libidn2-2.3.8' from 'https://cache.nixos.org'...
copying path '/nix/store/l0l2ll1lmylczj1ihqn351af2kyp5x19-glibc-2.42-51' from 'https://cache.nixos.org'...
copying path '/nix/store/7ssfvw8z4ylzjkw73z1y78svbhkdlkvb-attr-2.5.2' from 'https://cache.nixos.org'...
copying path '/nix/store/2hjsch59amjs3nbgh7ahcfzm2bfwl8zi-bash-5.3p9' from 'https://cache.nixos.org'...
copying path '/nix/store/ydpw9xwv0j5v8swa6wlz1ag2p19635mi-bzip2-1.0.8' from 'https://cache.nixos.org'...
copying path '/nix/store/nnhkhd6pj8zqd3m3yanpgky02ywrkhms-ed-1.22.4' from 'https://cache.nixos.org'...
copying path '/nix/store/harqqq4p37lpfj0h57xnwcag9ls0d2fs-expand-response-params' from 'https://cache.nixos.org'...
copying path '/nix/store/gf7b4yz4vhd0y2hnnrimhh875ghwzzzj-gawk-5.3.2' from 'https://cache.nixos.org'...
copying path '/nix/store/ihpdbhy4rfxaixiamyb588zfc3vj19al-gcc-15.2.0-lib' from 'https://cache.nixos.org'...
copying path '/nix/store/2c48s343k15i0cmwb9cp1vi6randmzcw-glibc-2.42-51-bin' from 'https://cache.nixos.org'...
copying path '/nix/store/njcs5bsgvn7qdzfr7kxjvn0fq8y6i4ys-gmp-6.3.0' from 'https://cache.nixos.org'...
copying path '/nix/store/wv7qq5yb8plyhxji9x3r5gpkyfm2kf29-gnused-4.9' from 'https://cache.nixos.org'...
copying path '/nix/store/0xw6y53ijaqwfd9c99wyaqiinychzv1f-gnumake-4.4.1' from 'https://cache.nixos.org'...
copying path '/nix/store/khd9yb8b0npl5x98y7d5l102v0wp600l-xz-5.8.2' from 'https://cache.nixos.org'...
copying path '/nix/store/vl8jkqpr0l3fac3cxiy4nwc5paiww1lv-zlib-1.3.1' from 'https://cache.nixos.org'...
copying path '/nix/store/j3hs745klzarm7lrlpsyl8skx5czg0z0-pcre2-10.46' from 'https://cache.nixos.org'...
copying path '/nix/store/8y5jm97n4lyw80gh71yihghbhqc11fdz-patch-2.8' from 'https://cache.nixos.org'...
copying path '/nix/store/x8l7qzpab2gpdrp89g48mxlrsiz4f0gm-bzip2-1.0.8-bin' from 'https://cache.nixos.org'...
copying path '/nix/store/vfa8fqz4k8dnlwivphif88qai54nxnqf-acl-2.3.2' from 'https://cache.nixos.org'...
copying path '/nix/store/p3j7lphwlci13f9w2v4rav6rbvpi80li-file-5.45' from 'https://cache.nixos.org'...
copying path '/nix/store/3nlzlnpqa7fsbx4f0sdd642cjw4rysa6-binutils-2.44-lib' from 'https://cache.nixos.org'...
copying path '/nix/store/p69faj0lr3lqljvrnybmkpxw18skfqlf-isl-0.20' from 'https://cache.nixos.org'...
copying path '/nix/store/y9xh8dxxbi6ss7mawx5glgazslii4f63-mpfr-4.2.2' from 'https://cache.nixos.org'...
copying path '/nix/store/isva9q9zx3frx6hh6cnpihh1kd2bx6bk-gnutar-1.35' from 'https://cache.nixos.org'...
copying path '/nix/store/w1n7yp2vnldr395hbwbcaw9sflh413bm-gzip-1.14' from 'https://cache.nixos.org'...
copying path '/nix/store/27fx8p4k6098wan3zahdbyj79ndcn03z-xz-5.8.2-bin' from 'https://cache.nixos.org'...
copying path '/nix/store/r9kx65g5cjf1ifsrh6b02y8jsvjprk36-libmpc-1.3.1' from 'https://cache.nixos.org'...
copying path '/nix/store/8laf6k81j9ckylrigj3xsk76j69knhvl-gnugrep-3.12' from 'https://cache.nixos.org'...
copying path '/nix/store/j8irrc0mpx029dw0rmadsjylg7h31ync-glibc-2.42-51-dev' from 'https://cache.nixos.org'...
copying path '/nix/store/9nmzd62x45ayp4vmswvn6z45h6bzrsla-binutils-2.44' from 'https://cache.nixos.org'...
copying path '/nix/store/3z4n8rmy4cfp0km5jaczz7f404j9sa64-gmp-with-cxx-6.3.0' from 'https://cache.nixos.org'...
copying path '/nix/store/590yx3aynyhs48jyk8ip37fk1mjqfhkb-patchelf-0.15.2' from 'https://cache.nixos.org'...
copying path '/nix/store/sca0pf46jmxva40qahkcwys5c1lvk6n2-gcc-15.2.0' from 'https://cache.nixos.org'...
copying path '/nix/store/hlxw2q9qansq7bn52xvlb5badw3z1v8s-coreutils-9.10' from 'https://cache.nixos.org'...
copying path '/nix/store/4yi6jj75bb5hhdzpzlxfyf69d35wsf2x-binutils-wrapper-2.44' from 'https://cache.nixos.org'...
copying path '/nix/store/icrrz26xbyp293kagrlkab1bhc6gra0r-diffutils-3.12' from 'https://cache.nixos.org'...
copying path '/nix/store/b3rx5wac9hhfxn9120xkcvdwj51mc9z2-findutils-4.10.0' from 'https://cache.nixos.org'...
copying path '/nix/store/kbw2j1vag664b3sj3rjwz9v53cqx87sb-gcc-wrapper-15.2.0' from 'https://cache.nixos.org'...
copying path '/nix/store/zkiy4zv8wz3v95bj6fdmkqwql8x1vnhb-stdenv-linux' from 'https://cache.nixos.org'...
building '/nix/store/4z9c38lv7d4jk196j9zq89n6w8hzx6f0-nix-shell-env.drv'...
these 4 paths will be fetched (1.89 MiB download, 11.35 MiB unpacked):
  /nix/store/0550j0i8bmzxbcnzrg1g51zigj7y12ih-bash-interactive-5.3p9
  /nix/store/5vmwpgmif2wa2hw5ip3ab6q40wvyfw2w-bash-interactive-5.3p9-man
  /nix/store/5qrvz1d1f813wcw6b752d4daaqxxbd1r-ncurses-6.6
  /nix/store/d2231a3r3fgc0a40fx8ym82k162bajhj-readline-8.3p3
copying path '/nix/store/5vmwpgmif2wa2hw5ip3ab6q40wvyfw2w-bash-interactive-5.3p9-man' from 'https://cache.nixos.org'...
copying path '/nix/store/5qrvz1d1f813wcw6b752d4daaqxxbd1r-ncurses-6.6' from 'https://cache.nixos.org'...
copying path '/nix/store/d2231a3r3fgc0a40fx8ym82k162bajhj-readline-8.3p3' from 'https://cache.nixos.org'...
copying path '/nix/store/0550j0i8bmzxbcnzrg1g51zigj7y12ih-bash-interactive-5.3p9' from 'https://cache.nixos.org'...
